[2022-04-21 17:27:25,373] {processor.py:163} INFO - Started process (PID=13620) to work on /home/ubuntu/code/F1_dashboard/env3/lib/python3.8/site-packages/airflow/example_dags/example_subdag_operator.py
[2022-04-21 17:27:25,374] {processor.py:642} INFO - Processing file /home/ubuntu/code/F1_dashboard/env3/lib/python3.8/site-packages/airflow/example_dags/example_subdag_operator.py for tasks to queue
[2022-04-21 17:27:25,375] {logging_mixin.py:109} INFO - [2022-04-21 17:27:25,375] {dagbag.py:500} INFO - Filling up the DagBag from /home/ubuntu/code/F1_dashboard/env3/lib/python3.8/site-packages/airflow/example_dags/example_subdag_operator.py
[2022-04-21 17:27:25,394] {processor.py:652} INFO - DAG(s) dict_keys(['example_subdag_operator.section-1', 'example_subdag_operator.section-2', 'example_subdag_operator']) retrieved from /home/ubuntu/code/F1_dashboard/env3/lib/python3.8/site-packages/airflow/example_dags/example_subdag_operator.py
[2022-04-21 17:27:25,399] {logging_mixin.py:109} INFO - [2022-04-21 17:27:25,399] {dag.py:2398} INFO - Sync 3 DAGs
[2022-04-21 17:27:25,404] {logging_mixin.py:109} INFO - [2022-04-21 17:27:25,404] {dag.py:2937} INFO - Setting next_dagrun for example_subdag_operator to 2022-04-20T00:00:00+00:00
[2022-04-21 17:27:25,404] {logging_mixin.py:109} INFO - [2022-04-21 17:27:25,404] {dag.py:2937} INFO - Setting next_dagrun for example_subdag_operator.section-1 to None
[2022-04-21 17:27:25,404] {logging_mixin.py:109} INFO - [2022-04-21 17:27:25,404] {dag.py:2937} INFO - Setting next_dagrun for example_subdag_operator.section-2 to None
[2022-04-21 17:27:25,407] {logging_mixin.py:109} INFO - [2022-04-21 17:27:25,407] {dag.py:2398} INFO - Sync 2 DAGs
[2022-04-21 17:27:25,410] {logging_mixin.py:109} INFO - [2022-04-21 17:27:25,410] {dag.py:2937} INFO - Setting next_dagrun for example_subdag_operator.section-1 to None
[2022-04-21 17:27:25,410] {logging_mixin.py:109} INFO - [2022-04-21 17:27:25,410] {dag.py:2937} INFO - Setting next_dagrun for example_subdag_operator.section-2 to None
[2022-04-21 17:27:25,415] {processor.py:171} INFO - Processing /home/ubuntu/code/F1_dashboard/env3/lib/python3.8/site-packages/airflow/example_dags/example_subdag_operator.py took 0.046 seconds
[2022-04-21 17:27:56,851] {processor.py:163} INFO - Started process (PID=13784) to work on /home/ubuntu/code/F1_dashboard/env3/lib/python3.8/site-packages/airflow/example_dags/example_subdag_operator.py
[2022-04-21 17:27:56,852] {processor.py:642} INFO - Processing file /home/ubuntu/code/F1_dashboard/env3/lib/python3.8/site-packages/airflow/example_dags/example_subdag_operator.py for tasks to queue
[2022-04-21 17:27:56,853] {logging_mixin.py:109} INFO - [2022-04-21 17:27:56,853] {dagbag.py:500} INFO - Filling up the DagBag from /home/ubuntu/code/F1_dashboard/env3/lib/python3.8/site-packages/airflow/example_dags/example_subdag_operator.py
[2022-04-21 17:27:56,872] {processor.py:652} INFO - DAG(s) dict_keys(['example_subdag_operator.section-1', 'example_subdag_operator.section-2', 'example_subdag_operator']) retrieved from /home/ubuntu/code/F1_dashboard/env3/lib/python3.8/site-packages/airflow/example_dags/example_subdag_operator.py
[2022-04-21 17:27:56,877] {logging_mixin.py:109} INFO - [2022-04-21 17:27:56,876] {dag.py:2398} INFO - Sync 3 DAGs
[2022-04-21 17:27:56,883] {logging_mixin.py:109} INFO - [2022-04-21 17:27:56,883] {dag.py:2937} INFO - Setting next_dagrun for example_subdag_operator to 2022-04-20T00:00:00+00:00
[2022-04-21 17:27:56,883] {logging_mixin.py:109} INFO - [2022-04-21 17:27:56,883] {dag.py:2937} INFO - Setting next_dagrun for example_subdag_operator.section-1 to None
[2022-04-21 17:27:56,883] {logging_mixin.py:109} INFO - [2022-04-21 17:27:56,883] {dag.py:2937} INFO - Setting next_dagrun for example_subdag_operator.section-2 to None
[2022-04-21 17:27:56,885] {logging_mixin.py:109} INFO - [2022-04-21 17:27:56,885] {dag.py:2398} INFO - Sync 2 DAGs
[2022-04-21 17:27:56,888] {logging_mixin.py:109} INFO - [2022-04-21 17:27:56,888] {dag.py:2937} INFO - Setting next_dagrun for example_subdag_operator.section-1 to None
[2022-04-21 17:27:56,888] {logging_mixin.py:109} INFO - [2022-04-21 17:27:56,888] {dag.py:2937} INFO - Setting next_dagrun for example_subdag_operator.section-2 to None
[2022-04-21 17:27:56,897] {processor.py:171} INFO - Processing /home/ubuntu/code/F1_dashboard/env3/lib/python3.8/site-packages/airflow/example_dags/example_subdag_operator.py took 0.049 seconds
