[2022-04-21 17:27:20,791] {manager.py:517} INFO - Processing files using up to 1 processes at a time 
[2022-04-21 17:27:20,791] {manager.py:518} INFO - Process each file at most once every 30 seconds
[2022-04-21 17:27:20,791] {manager.py:519} INFO - Checking for new files in /home/ubuntu/code/F1_dashboard/airflow/dags every 300 seconds
[2022-04-21 17:27:20,791] {manager.py:704} INFO - Searching for files in /home/ubuntu/code/F1_dashboard/airflow/dags
[2022-04-21 17:27:20,795] {manager.py:707} INFO - There are 32 files in /home/ubuntu/code/F1_dashboard/airflow/dags
[2022-04-21 17:27:20,812] {manager.py:1106} INFO - Finding 'running' jobs without a recent heartbeat
[2022-04-21 17:27:20,812] {manager.py:1110} INFO - Failing jobs without heartbeat after 2022-04-22 00:22:20.812312+00:00
[2022-04-21 17:27:20,922] {manager.py:825} INFO - 
================================================================================
DAG File Processing Stats

File Path                                                                                                                        PID    Runtime      # DAGs    # Errors  Last Runtime    Last Run
-------------------------------------------------------------------------------------------------------------------------------  -----  ---------  --------  ----------  --------------  -------------------
/home/ubuntu/code/F1_dashboard/env3/lib/python3.8/site-packages/airflow/example_dags/example_passing_params_via_test_command.py                           0           0
/home/ubuntu/code/F1_dashboard/env3/lib/python3.8/site-packages/airflow/example_dags/example_branch_labels.py                                             0           0
/home/ubuntu/code/F1_dashboard/env3/lib/python3.8/site-packages/airflow/example_dags/example_subdag_operator.py                                           0           0
/home/ubuntu/code/F1_dashboard/env3/lib/python3.8/site-packages/airflow/example_dags/example_trigger_controller_dag.py                                    0           0
/home/ubuntu/code/F1_dashboard/env3/lib/python3.8/site-packages/airflow/example_dags/example_kubernetes_executor.py                                       0           0
/home/ubuntu/code/F1_dashboard/env3/lib/python3.8/site-packages/airflow/example_dags/example_skip_dag.py                                                  0           0
/home/ubuntu/code/F1_dashboard/env3/lib/python3.8/site-packages/airflow/example_dags/tutorial_taskflow_api_etl_virtualenv.py                              0           0
/home/ubuntu/code/F1_dashboard/env3/lib/python3.8/site-packages/airflow/example_dags/example_latest_only.py                                               0           0
/home/ubuntu/code/F1_dashboard/env3/lib/python3.8/site-packages/airflow/example_dags/tutorial_taskflow_api_etl.py                                         0           0
/home/ubuntu/code/F1_dashboard/env3/lib/python3.8/site-packages/airflow/example_dags/example_complex.py                                                   0           0
/home/ubuntu/code/F1_dashboard/env3/lib/python3.8/site-packages/airflow/example_dags/example_time_delta_sensor_async.py                                   0           0
/home/ubuntu/code/F1_dashboard/env3/lib/python3.8/site-packages/airflow/example_dags/example_branch_operator.py                                           0           0
/home/ubuntu/code/F1_dashboard/env3/lib/python3.8/site-packages/airflow/example_dags/example_short_circuit_operator.py                                    0           0
/home/ubuntu/code/F1_dashboard/env3/lib/python3.8/site-packages/airflow/example_dags/example_dag_decorator.py                                             0           0
/home/ubuntu/code/F1_dashboard/env3/lib/python3.8/site-packages/airflow/example_dags/tutorial_etl_dag.py                                                  0           0
/home/ubuntu/code/F1_dashboard/env3/lib/python3.8/site-packages/airflow/example_dags/example_branch_day_of_week_operator.py                               0           0
/home/ubuntu/code/F1_dashboard/env3/lib/python3.8/site-packages/airflow/example_dags/example_task_group_decorator.py                                      0           0
/home/ubuntu/code/F1_dashboard/env3/lib/python3.8/site-packages/airflow/example_dags/tutorial.py                                                          0           0
/home/ubuntu/code/F1_dashboard/env3/lib/python3.8/site-packages/airflow/example_dags/example_python_operator.py                                           0           0
/home/ubuntu/code/F1_dashboard/env3/lib/python3.8/site-packages/airflow/example_dags/example_branch_datetime_operator.py                                  0           0
/home/ubuntu/code/F1_dashboard/env3/lib/python3.8/site-packages/airflow/example_dags/example_external_task_marker_dag.py                                  0           0
/home/ubuntu/code/F1_dashboard/env3/lib/python3.8/site-packages/airflow/example_dags/example_latest_only_with_trigger.py                                  0           0
/home/ubuntu/code/F1_dashboard/env3/lib/python3.8/site-packages/airflow/example_dags/example_xcomargs.py                                                  0           0
/home/ubuntu/code/F1_dashboard/env3/lib/python3.8/site-packages/airflow/example_dags/example_nested_branch_dag.py                                         0           0
/home/ubuntu/code/F1_dashboard/env3/lib/python3.8/site-packages/airflow/example_dags/example_sla_dag.py                                                   0           0
/home/ubuntu/code/F1_dashboard/env3/lib/python3.8/site-packages/airflow/example_dags/example_bash_operator.py                                             0           0
/home/ubuntu/code/F1_dashboard/env3/lib/python3.8/site-packages/airflow/example_dags/example_trigger_target_dag.py                                        0           0
/home/ubuntu/code/F1_dashboard/env3/lib/python3.8/site-packages/airflow/example_dags/example_xcom.py                                                      0           0
/home/ubuntu/code/F1_dashboard/env3/lib/python3.8/site-packages/airflow/example_dags/example_branch_python_dop_operator_3.py                              0           0
/home/ubuntu/code/F1_dashboard/env3/lib/python3.8/site-packages/airflow/example_dags/example_task_group.py                                                0           0
/home/ubuntu/code/F1_dashboard/env3/lib/python3.8/site-packages/airflow/example_dags/subdags/subdag.py                                                    0           0  0.10s           2022-04-22T00:27:20
/home/ubuntu/code/F1_dashboard/env3/lib/python3.8/site-packages/airflow/example_dags/plugins/workday.py                                                   0           0
================================================================================
[2022-04-21 17:27:30,947] {manager.py:1106} INFO - Finding 'running' jobs without a recent heartbeat
[2022-04-21 17:27:30,947] {manager.py:1110} INFO - Failing jobs without heartbeat after 2022-04-22 00:22:30.947690+00:00
[2022-04-21 17:27:41,362] {manager.py:1106} INFO - Finding 'running' jobs without a recent heartbeat
[2022-04-21 17:27:41,362] {manager.py:1110} INFO - Failing jobs without heartbeat after 2022-04-22 00:22:41.362847+00:00
[2022-04-21 17:27:51,148] {manager.py:825} INFO - 
================================================================================
DAG File Processing Stats

File Path                                                                                                                        PID    Runtime      # DAGs    # Errors  Last Runtime    Last Run
-------------------------------------------------------------------------------------------------------------------------------  -----  ---------  --------  ----------  --------------  -------------------
/home/ubuntu/code/F1_dashboard/env3/lib/python3.8/site-packages/airflow/example_dags/example_kubernetes_executor.py                                       0           0  0.10s           2022-04-22T00:27:27
/home/ubuntu/code/F1_dashboard/env3/lib/python3.8/site-packages/airflow/example_dags/example_task_group.py                                                0           0
/home/ubuntu/code/F1_dashboard/env3/lib/python3.8/site-packages/airflow/example_dags/subdags/subdag.py                                                    0           0  0.10s           2022-04-22T00:27:20
/home/ubuntu/code/F1_dashboard/env3/lib/python3.8/site-packages/airflow/example_dags/plugins/workday.py                                                   0           0  0.10s           2022-04-22T00:27:22
/home/ubuntu/code/F1_dashboard/env3/lib/python3.8/site-packages/airflow/example_dags/example_passing_params_via_test_command.py                           1           0  0.10s           2022-04-22T00:27:23
/home/ubuntu/code/F1_dashboard/env3/lib/python3.8/site-packages/airflow/example_dags/example_branch_labels.py                                             1           0  0.10s           2022-04-22T00:27:24
/home/ubuntu/code/F1_dashboard/env3/lib/python3.8/site-packages/airflow/example_dags/example_trigger_controller_dag.py                                    1           0  0.10s           2022-04-22T00:27:25
/home/ubuntu/code/F1_dashboard/env3/lib/python3.8/site-packages/airflow/example_dags/example_skip_dag.py                                                  1           0  0.10s           2022-04-22T00:27:28
/home/ubuntu/code/F1_dashboard/env3/lib/python3.8/site-packages/airflow/example_dags/tutorial_taskflow_api_etl_virtualenv.py                              1           0  0.20s           2022-04-22T00:27:29
/home/ubuntu/code/F1_dashboard/env3/lib/python3.8/site-packages/airflow/example_dags/example_latest_only.py                                               1           0  0.10s           2022-04-22T00:27:30
/home/ubuntu/code/F1_dashboard/env3/lib/python3.8/site-packages/airflow/example_dags/tutorial_taskflow_api_etl.py                                         1           0  0.20s           2022-04-22T00:27:31
/home/ubuntu/code/F1_dashboard/env3/lib/python3.8/site-packages/airflow/example_dags/example_complex.py                                                   1           0  0.10s           2022-04-22T00:27:32
/home/ubuntu/code/F1_dashboard/env3/lib/python3.8/site-packages/airflow/example_dags/example_time_delta_sensor_async.py                                   1           0  0.10s           2022-04-22T00:27:33
/home/ubuntu/code/F1_dashboard/env3/lib/python3.8/site-packages/airflow/example_dags/example_branch_operator.py                                           1           0  0.10s           2022-04-22T00:27:34
/home/ubuntu/code/F1_dashboard/env3/lib/python3.8/site-packages/airflow/example_dags/example_short_circuit_operator.py                                    1           0  0.10s           2022-04-22T00:27:35
/home/ubuntu/code/F1_dashboard/env3/lib/python3.8/site-packages/airflow/example_dags/example_dag_decorator.py                                             1           0  0.20s           2022-04-22T00:27:35
/home/ubuntu/code/F1_dashboard/env3/lib/python3.8/site-packages/airflow/example_dags/tutorial_etl_dag.py                                                  1           0  0.10s           2022-04-22T00:27:36
/home/ubuntu/code/F1_dashboard/env3/lib/python3.8/site-packages/airflow/example_dags/example_branch_day_of_week_operator.py                               1           0  0.10s           2022-04-22T00:27:37
/home/ubuntu/code/F1_dashboard/env3/lib/python3.8/site-packages/airflow/example_dags/example_task_group_decorator.py                                      1           0  0.20s           2022-04-22T00:27:38
/home/ubuntu/code/F1_dashboard/env3/lib/python3.8/site-packages/airflow/example_dags/tutorial.py                                                          1           0  0.10s           2022-04-22T00:27:39
/home/ubuntu/code/F1_dashboard/env3/lib/python3.8/site-packages/airflow/example_dags/example_python_operator.py                                           1           0  0.10s           2022-04-22T00:27:40
/home/ubuntu/code/F1_dashboard/env3/lib/python3.8/site-packages/airflow/example_dags/example_branch_datetime_operator.py                                  1           0  0.10s           2022-04-22T00:27:41
/home/ubuntu/code/F1_dashboard/env3/lib/python3.8/site-packages/airflow/example_dags/example_latest_only_with_trigger.py                                  1           0  0.10s           2022-04-22T00:27:43
/home/ubuntu/code/F1_dashboard/env3/lib/python3.8/site-packages/airflow/example_dags/example_nested_branch_dag.py                                         1           0  0.10s           2022-04-22T00:27:46
/home/ubuntu/code/F1_dashboard/env3/lib/python3.8/site-packages/airflow/example_dags/example_sla_dag.py                                                   1           0  0.10s           2022-04-22T00:27:46
/home/ubuntu/code/F1_dashboard/env3/lib/python3.8/site-packages/airflow/example_dags/example_bash_operator.py                                             1           0  0.10s           2022-04-22T00:27:47
/home/ubuntu/code/F1_dashboard/env3/lib/python3.8/site-packages/airflow/example_dags/example_trigger_target_dag.py                                        1           0  0.10s           2022-04-22T00:27:48
/home/ubuntu/code/F1_dashboard/env3/lib/python3.8/site-packages/airflow/example_dags/example_xcom.py                                                      1           0  0.20s           2022-04-22T00:27:50
/home/ubuntu/code/F1_dashboard/env3/lib/python3.8/site-packages/airflow/example_dags/example_branch_python_dop_operator_3.py                              1           0  0.10s           2022-04-22T00:27:51
/home/ubuntu/code/F1_dashboard/env3/lib/python3.8/site-packages/airflow/example_dags/example_external_task_marker_dag.py                                  2           0  0.11s           2022-04-22T00:27:42
/home/ubuntu/code/F1_dashboard/env3/lib/python3.8/site-packages/airflow/example_dags/example_xcomargs.py                                                  2           0  0.20s           2022-04-22T00:27:45
/home/ubuntu/code/F1_dashboard/env3/lib/python3.8/site-packages/airflow/example_dags/example_subdag_operator.py                                           3           0  0.10s           2022-04-22T00:27:25
================================================================================
[2022-04-21 17:27:51,674] {manager.py:1106} INFO - Finding 'running' jobs without a recent heartbeat
[2022-04-21 17:27:51,675] {manager.py:1110} INFO - Failing jobs without heartbeat after 2022-04-22 00:22:51.675222+00:00
[2022-04-21 17:28:01,989] {manager.py:1106} INFO - Finding 'running' jobs without a recent heartbeat
[2022-04-21 17:28:01,990] {manager.py:1110} INFO - Failing jobs without heartbeat after 2022-04-22 00:23:01.990475+00:00
[2022-04-21 17:28:12,306] {manager.py:1106} INFO - Finding 'running' jobs without a recent heartbeat
[2022-04-21 17:28:12,307] {manager.py:1110} INFO - Failing jobs without heartbeat after 2022-04-22 00:23:12.306966+00:00
[2022-04-21 17:28:21,441] {manager.py:825} INFO - 
================================================================================
DAG File Processing Stats

File Path                                                                                                                        PID    Runtime      # DAGs    # Errors  Last Runtime    Last Run
-------------------------------------------------------------------------------------------------------------------------------  -----  ---------  --------  ----------  --------------  -------------------
/home/ubuntu/code/F1_dashboard/env3/lib/python3.8/site-packages/airflow/example_dags/example_kubernetes_executor.py                                       0           0  0.10s           2022-04-22T00:27:59
/home/ubuntu/code/F1_dashboard/env3/lib/python3.8/site-packages/airflow/example_dags/subdags/subdag.py                                                    0           0  0.10s           2022-04-22T00:27:52
/home/ubuntu/code/F1_dashboard/env3/lib/python3.8/site-packages/airflow/example_dags/plugins/workday.py                                                   0           0  0.10s           2022-04-22T00:27:54
/home/ubuntu/code/F1_dashboard/env3/lib/python3.8/site-packages/airflow/example_dags/example_passing_params_via_test_command.py                           1           0  0.10s           2022-04-22T00:27:55
/home/ubuntu/code/F1_dashboard/env3/lib/python3.8/site-packages/airflow/example_dags/example_branch_labels.py                                             1           0  0.10s           2022-04-22T00:27:56
/home/ubuntu/code/F1_dashboard/env3/lib/python3.8/site-packages/airflow/example_dags/example_trigger_controller_dag.py                                    1           0  0.10s           2022-04-22T00:27:58
/home/ubuntu/code/F1_dashboard/env3/lib/python3.8/site-packages/airflow/example_dags/example_skip_dag.py                                                  1           0  0.10s           2022-04-22T00:28:00
/home/ubuntu/code/F1_dashboard/env3/lib/python3.8/site-packages/airflow/example_dags/tutorial_taskflow_api_etl_virtualenv.py                              1           0  0.20s           2022-04-22T00:28:01
/home/ubuntu/code/F1_dashboard/env3/lib/python3.8/site-packages/airflow/example_dags/example_latest_only.py                                               1           0  0.10s           2022-04-22T00:28:02
/home/ubuntu/code/F1_dashboard/env3/lib/python3.8/site-packages/airflow/example_dags/tutorial_taskflow_api_etl.py                                         1           0  0.20s           2022-04-22T00:28:03
/home/ubuntu/code/F1_dashboard/env3/lib/python3.8/site-packages/airflow/example_dags/example_complex.py                                                   1           0  0.10s           2022-04-22T00:28:04
/home/ubuntu/code/F1_dashboard/env3/lib/python3.8/site-packages/airflow/example_dags/example_time_delta_sensor_async.py                                   1           0  0.10s           2022-04-22T00:28:05
/home/ubuntu/code/F1_dashboard/env3/lib/python3.8/site-packages/airflow/example_dags/example_branch_operator.py                                           1           0  0.10s           2022-04-22T00:28:06
/home/ubuntu/code/F1_dashboard/env3/lib/python3.8/site-packages/airflow/example_dags/example_short_circuit_operator.py                                    1           0  0.10s           2022-04-22T00:28:07
/home/ubuntu/code/F1_dashboard/env3/lib/python3.8/site-packages/airflow/example_dags/example_dag_decorator.py                                             1           0  0.20s           2022-04-22T00:28:08
/home/ubuntu/code/F1_dashboard/env3/lib/python3.8/site-packages/airflow/example_dags/tutorial_etl_dag.py                                                  1           0  0.10s           2022-04-22T00:28:09
/home/ubuntu/code/F1_dashboard/env3/lib/python3.8/site-packages/airflow/example_dags/example_branch_day_of_week_operator.py                               1           0  0.10s           2022-04-22T00:28:10
/home/ubuntu/code/F1_dashboard/env3/lib/python3.8/site-packages/airflow/example_dags/example_task_group_decorator.py                                      1           0  0.20s           2022-04-22T00:28:12
/home/ubuntu/code/F1_dashboard/env3/lib/python3.8/site-packages/airflow/example_dags/tutorial.py                                                          1           0  0.10s           2022-04-22T00:28:12
/home/ubuntu/code/F1_dashboard/env3/lib/python3.8/site-packages/airflow/example_dags/example_python_operator.py                                           1           0  0.10s           2022-04-22T00:28:13
/home/ubuntu/code/F1_dashboard/env3/lib/python3.8/site-packages/airflow/example_dags/example_branch_datetime_operator.py                                  1           0  0.10s           2022-04-22T00:28:14
/home/ubuntu/code/F1_dashboard/env3/lib/python3.8/site-packages/airflow/example_dags/example_latest_only_with_trigger.py                                  1           0  0.10s           2022-04-22T00:28:16
/home/ubuntu/code/F1_dashboard/env3/lib/python3.8/site-packages/airflow/example_dags/example_nested_branch_dag.py                                         1           0  0.10s           2022-04-22T00:28:18
/home/ubuntu/code/F1_dashboard/env3/lib/python3.8/site-packages/airflow/example_dags/example_sla_dag.py                                                   1           0  0.10s           2022-04-22T00:28:19
/home/ubuntu/code/F1_dashboard/env3/lib/python3.8/site-packages/airflow/example_dags/example_bash_operator.py                                             1           0  0.10s           2022-04-22T00:28:21
/home/ubuntu/code/F1_dashboard/env3/lib/python3.8/site-packages/airflow/example_dags/example_trigger_target_dag.py                                        1           0  0.10s           2022-04-22T00:28:21
/home/ubuntu/code/F1_dashboard/env3/lib/python3.8/site-packages/airflow/example_dags/example_xcom.py                                                      1           0  0.20s           2022-04-22T00:27:50
/home/ubuntu/code/F1_dashboard/env3/lib/python3.8/site-packages/airflow/example_dags/example_branch_python_dop_operator_3.py                              1           0  0.10s           2022-04-22T00:27:51
/home/ubuntu/code/F1_dashboard/env3/lib/python3.8/site-packages/airflow/example_dags/example_task_group.py                                                1           0  0.10s           2022-04-22T00:27:51
/home/ubuntu/code/F1_dashboard/env3/lib/python3.8/site-packages/airflow/example_dags/example_external_task_marker_dag.py                                  2           0  0.10s           2022-04-22T00:28:15
/home/ubuntu/code/F1_dashboard/env3/lib/python3.8/site-packages/airflow/example_dags/example_xcomargs.py                                                  2           0  0.20s           2022-04-22T00:28:17
/home/ubuntu/code/F1_dashboard/env3/lib/python3.8/site-packages/airflow/example_dags/example_subdag_operator.py                                           3           0  0.10s           2022-04-22T00:27:56
================================================================================
[2022-04-21 17:28:22,349] {manager.py:498} INFO - Exiting gracefully upon receiving signal 15
