INFO:  2022-05-11 11:00:08,354:  21051: utils: 90: drop_tables:  Transaction begins ...
INFO:  2022-05-11 11:00:08,572:  21051: utils: 93: drop_tables:  Transactions completed succesfully !
INFO:  2022-05-11 11:00:08,572:  21051: utils: 77: create_schema:  Transaction begins ...
INFO:  2022-05-11 11:00:08,784:  21051: utils: 80: create_schema:  Transactions completed succesfully !
INFO:  2022-05-11 11:03:04,207:  31151: udate_f1db: 111: <module>:  attempting to stage 'circuits' ...
INFO:  2022-05-11 11:03:04,213:  31151: udate_f1db: 122: <module>:  staged 'circuits'
INFO:  2022-05-11 11:03:04,268:  31151: udate_f1db: 111: <module>:  attempting to stage 'races' ...
INFO:  2022-05-11 11:03:04,279:  31151: udate_f1db: 122: <module>:  staged 'races'
INFO:  2022-05-11 11:03:04,327:  31151: udate_f1db: 111: <module>:  attempting to stage 'drivers' ...
INFO:  2022-05-11 11:03:04,333:  31151: udate_f1db: 122: <module>:  staged 'drivers'
INFO:  2022-05-11 11:03:04,366:  31151: udate_f1db: 111: <module>:  attempting to stage 'constructors' ...
INFO:  2022-05-11 11:03:04,369:  31151: udate_f1db: 122: <module>:  staged 'constructors'
INFO:  2022-05-11 11:03:04,513:  31151: udate_f1db: 111: <module>:  attempting to stage 'qualifying' ...
INFO:  2022-05-11 11:03:04,540:  31151: udate_f1db: 122: <module>:  staged 'qualifying'
INFO:  2022-05-11 11:03:09,722:  31151: udate_f1db: 111: <module>:  attempting to stage 'lap_times' ...
INFO:  2022-05-11 11:03:10,906:  31151: udate_f1db: 122: <module>:  staged 'lap_times'
INFO:  2022-05-11 11:03:11,009:  31151: udate_f1db: 111: <module>:  attempting to stage 'pit_stops' ...
INFO:  2022-05-11 11:03:11,033:  31151: udate_f1db: 122: <module>:  staged 'pit_stops'
INFO:  2022-05-11 11:03:11,056:  31151: udate_f1db: 111: <module>:  attempting to stage 'seasons' ...
INFO:  2022-05-11 11:03:11,059:  31151: udate_f1db: 122: <module>:  staged 'seasons'
INFO:  2022-05-11 11:03:11,082:  31151: udate_f1db: 111: <module>:  attempting to stage 'status' ...
INFO:  2022-05-11 11:03:11,083:  31151: udate_f1db: 122: <module>:  staged 'status'
INFO:  2022-05-11 11:03:11,206:  31151: udate_f1db: 111: <module>:  attempting to stage 'constructor_results' ...
INFO:  2022-05-11 11:03:11,229:  31151: udate_f1db: 122: <module>:  staged 'constructor_results'
INFO:  2022-05-11 11:03:11,365:  31151: udate_f1db: 111: <module>:  attempting to stage 'constructor_standings' ...
INFO:  2022-05-11 11:03:11,398:  31151: udate_f1db: 122: <module>:  staged 'constructor_standings'
INFO:  2022-05-11 11:03:11,722:  31151: udate_f1db: 111: <module>:  attempting to stage 'driver_standings' ...
INFO:  2022-05-11 11:03:11,803:  31151: udate_f1db: 122: <module>:  staged 'driver_standings'
INFO:  2022-05-11 11:03:12,146:  31151: udate_f1db: 111: <module>:  attempting to stage 'results' ...
INFO:  2022-05-11 11:03:12,249:  31151: udate_f1db: 122: <module>:  staged 'results'
INFO:  2022-05-11 11:03:12,292:  31151: udate_f1db: 145: <module>:  'inserting new 'circuits' ...
INFO:  2022-05-11 11:03:12,562:  31151: udate_f1db: 151: <module>:  new 'circuits' inserted
INFO:  2022-05-11 11:03:12,579:  31151: udate_f1db: 145: <module>:  'inserting new 'races' ...
INFO:  2022-05-11 11:03:12,942:  31151: udate_f1db: 151: <module>:  new 'races' inserted
INFO:  2022-05-11 11:03:12,971:  31151: udate_f1db: 145: <module>:  'inserting new 'drivers' ...
INFO:  2022-05-11 11:03:13,957:  31151: udate_f1db: 151: <module>:  new 'drivers' inserted
INFO:  2022-05-11 11:03:13,975:  31151: udate_f1db: 145: <module>:  'inserting new 'constructors' ...
INFO:  2022-05-11 11:03:14,269:  31151: udate_f1db: 151: <module>:  new 'constructors' inserted
INFO:  2022-05-11 11:03:14,292:  31151: udate_f1db: 145: <module>:  'inserting new 'qualifying' ...
INFO:  2022-05-11 11:03:16,143:  31151: udate_f1db: 151: <module>:  new 'qualifying' inserted
INFO:  2022-05-11 11:03:16,159:  31151: udate_f1db: 145: <module>:  'inserting new 'lap_times' ...
INFO:  2022-05-11 11:04:54,092:  31151: udate_f1db: 151: <module>:  new 'lap_times' inserted
INFO:  2022-05-11 11:04:54,112:  31151: udate_f1db: 145: <module>:  'inserting new 'pit_stops' ...
INFO:  2022-05-11 11:04:56,219:  31151: udate_f1db: 151: <module>:  new 'pit_stops' inserted
INFO:  2022-05-11 11:04:56,229:  31151: udate_f1db: 145: <module>:  'inserting new 'seasons' ...
INFO:  2022-05-11 11:04:56,272:  31151: udate_f1db: 151: <module>:  new 'seasons' inserted
INFO:  2022-05-11 11:04:56,285:  31151: udate_f1db: 145: <module>:  'inserting new 'status' ...
INFO:  2022-05-11 11:04:56,384:  31151: udate_f1db: 151: <module>:  new 'status' inserted
INFO:  2022-05-11 11:04:56,410:  31151: udate_f1db: 145: <module>:  'inserting new 'constructor_results' ...
INFO:  2022-05-11 11:04:58,755:  31151: udate_f1db: 151: <module>:  new 'constructor_results' inserted
INFO:  2022-05-11 11:04:58,781:  31151: udate_f1db: 145: <module>:  'inserting new 'constructor_standings' ...
INFO:  2022-05-11 11:05:01,406:  31151: udate_f1db: 151: <module>:  new 'constructor_standings' inserted
INFO:  2022-05-11 11:05:01,432:  31151: udate_f1db: 145: <module>:  'inserting new 'driver_standings' ...
INFO:  2022-05-11 11:05:07,682:  31151: udate_f1db: 151: <module>:  new 'driver_standings' inserted
INFO:  2022-05-11 11:05:07,701:  31151: udate_f1db: 145: <module>:  'inserting new 'results' ...
INFO:  2022-05-11 11:05:14,448:  31151: udate_f1db: 151: <module>:  new 'results' inserted
INFO:  2022-05-11 11:08:31,760:  48812: udate_f1db: 111: <module>:  attempting to stage 'circuits' ...
INFO:  2022-05-11 11:08:31,761:  48812: udate_f1db: 122: <module>:  staged 'circuits'
INFO:  2022-05-11 11:08:31,836:  48812: udate_f1db: 111: <module>:  attempting to stage 'races' ...
INFO:  2022-05-11 11:08:31,837:  48812: udate_f1db: 75: stage_updates:  No updates were found!
INFO:  2022-05-11 11:08:31,890:  48812: udate_f1db: 111: <module>:  attempting to stage 'drivers' ...
INFO:  2022-05-11 11:08:31,891:  48812: udate_f1db: 75: stage_updates:  No updates were found!
INFO:  2022-05-11 11:08:31,918:  48812: udate_f1db: 111: <module>:  attempting to stage 'constructors' ...
INFO:  2022-05-11 11:08:31,919:  48812: udate_f1db: 75: stage_updates:  No updates were found!
INFO:  2022-05-11 11:08:32,228:  48812: udate_f1db: 111: <module>:  attempting to stage 'qualifying' ...
INFO:  2022-05-11 11:08:32,228:  48812: udate_f1db: 75: stage_updates:  No updates were found!
INFO:  2022-05-11 11:08:46,215:  48812: udate_f1db: 111: <module>:  attempting to stage 'lap_times' ...
INFO:  2022-05-11 11:08:46,215:  48812: udate_f1db: 75: stage_updates:  No updates were found!
INFO:  2022-05-11 11:08:46,481:  48812: udate_f1db: 111: <module>:  attempting to stage 'pit_stops' ...
INFO:  2022-05-11 11:08:46,481:  48812: udate_f1db: 75: stage_updates:  No updates were found!
INFO:  2022-05-11 11:08:46,494:  48812: udate_f1db: 111: <module>:  attempting to stage 'seasons' ...
INFO:  2022-05-11 11:08:46,494:  48812: udate_f1db: 75: stage_updates:  No updates were found!
INFO:  2022-05-11 11:08:46,517:  48812: udate_f1db: 111: <module>:  attempting to stage 'status' ...
INFO:  2022-05-11 11:08:46,518:  48812: udate_f1db: 75: stage_updates:  No updates were found!
INFO:  2022-05-11 11:08:46,840:  48812: udate_f1db: 111: <module>:  attempting to stage 'constructor_results' ...
INFO:  2022-05-11 11:08:46,840:  48812: udate_f1db: 75: stage_updates:  No updates were found!
INFO:  2022-05-11 11:08:47,173:  48812: udate_f1db: 111: <module>:  attempting to stage 'constructor_standings' ...
INFO:  2022-05-11 11:08:47,173:  48812: udate_f1db: 75: stage_updates:  No updates were found!
INFO:  2022-05-11 11:08:48,083:  48812: udate_f1db: 111: <module>:  attempting to stage 'driver_standings' ...
INFO:  2022-05-11 11:08:48,084:  48812: udate_f1db: 75: stage_updates:  No updates were found!
INFO:  2022-05-11 11:08:49,023:  48812: udate_f1db: 111: <module>:  attempting to stage 'results' ...
INFO:  2022-05-11 11:08:49,023:  48812: udate_f1db: 75: stage_updates:  No updates were found!
INFO:  2022-05-11 11:08:49,043:  48812: udate_f1db: 145: <module>:  'inserting new 'circuits' ...
ERROR:  2022-05-11 11:08:49,057:  48812: udate_f1db: 158: <module>:  Failed to upsert.Rolled back the transaction
 err: (pyodbc.IntegrityError) ('23000', "[23000] [Microsoft][ODBC Driver 17 for SQL Server][SQL Server]Violation of UNIQUE KEY constraint 'UQ__circuits__DD7784177A93591C'. Cannot insert duplicate key in object 'dbo.circuits'. The duplicate key value is (http://en.wikipedia.org/wiki/Miami_International_Autodrome). (2627) (SQLExecDirectW)")
[SQL: INSERT INTO circuits ([circuitId], [circuitRef], name, location, country, lat, lng, alt, url, created_date, modified_date) VALUES (?, ?, ?, ?, ?, ?, ?, ?, ?, ?, ?)]
[parameters: (80, 'miami', 'Miami International Autodrome', 'Miami', 'USA', 25.9581, -80.2389, '', 'http://en.wikipedia.org/wiki/Miami_International_Autodrome', datetime.datetime(2022, 5, 11, 11, 8, 49, 41133), datetime.datetime(2022, 5, 11, 11, 8, 49, 42238))]
(Background on this error at: https://sqlalche.me/e/14/gkpj)
INFO:  2022-05-11 11:09:52,159:  52976: udate_f1db: 111: <module>:  attempting to stage 'circuits' ...
INFO:  2022-05-11 11:09:52,160:  52976: udate_f1db: 122: <module>:  staged 'circuits'
INFO:  2022-05-11 11:09:52,227:  52976: udate_f1db: 111: <module>:  attempting to stage 'races' ...
INFO:  2022-05-11 11:09:52,227:  52976: udate_f1db: 75: stage_updates:  No updates were found!
INFO:  2022-05-11 11:09:52,287:  52976: udate_f1db: 111: <module>:  attempting to stage 'drivers' ...
INFO:  2022-05-11 11:09:52,287:  52976: udate_f1db: 75: stage_updates:  No updates were found!
INFO:  2022-05-11 11:09:52,307:  52976: udate_f1db: 111: <module>:  attempting to stage 'constructors' ...
INFO:  2022-05-11 11:09:52,307:  52976: udate_f1db: 75: stage_updates:  No updates were found!
INFO:  2022-05-11 11:09:52,617:  52976: udate_f1db: 111: <module>:  attempting to stage 'qualifying' ...
INFO:  2022-05-11 11:09:52,618:  52976: udate_f1db: 75: stage_updates:  No updates were found!
INFO:  2022-05-11 11:10:06,010:  52976: udate_f1db: 111: <module>:  attempting to stage 'lap_times' ...
INFO:  2022-05-11 11:10:06,011:  52976: udate_f1db: 75: stage_updates:  No updates were found!
INFO:  2022-05-11 11:10:06,284:  52976: udate_f1db: 111: <module>:  attempting to stage 'pit_stops' ...
INFO:  2022-05-11 11:10:06,284:  52976: udate_f1db: 75: stage_updates:  No updates were found!
INFO:  2022-05-11 11:10:06,292:  52976: udate_f1db: 111: <module>:  attempting to stage 'seasons' ...
INFO:  2022-05-11 11:10:06,293:  52976: udate_f1db: 75: stage_updates:  No updates were found!
INFO:  2022-05-11 11:10:06,307:  52976: udate_f1db: 111: <module>:  attempting to stage 'status' ...
INFO:  2022-05-11 11:10:06,307:  52976: udate_f1db: 75: stage_updates:  No updates were found!
INFO:  2022-05-11 11:10:06,587:  52976: udate_f1db: 111: <module>:  attempting to stage 'constructor_results' ...
INFO:  2022-05-11 11:10:06,587:  52976: udate_f1db: 75: stage_updates:  No updates were found!
INFO:  2022-05-11 11:10:06,915:  52976: udate_f1db: 111: <module>:  attempting to stage 'constructor_standings' ...
INFO:  2022-05-11 11:10:06,916:  52976: udate_f1db: 75: stage_updates:  No updates were found!
INFO:  2022-05-11 11:10:07,724:  52976: udate_f1db: 111: <module>:  attempting to stage 'driver_standings' ...
INFO:  2022-05-11 11:10:07,724:  52976: udate_f1db: 75: stage_updates:  No updates were found!
INFO:  2022-05-11 11:10:08,572:  52976: udate_f1db: 111: <module>:  attempting to stage 'results' ...
INFO:  2022-05-11 11:10:08,572:  52976: udate_f1db: 75: stage_updates:  No updates were found!
INFO:  2022-05-11 11:10:08,594:  52976: udate_f1db: 145: <module>:  'inserting new 'circuits' ...
INFO:  2022-05-11 11:10:08,636:  52976: udate_f1db: 151: <module>:  new 'circuits' inserted
